c:\users\aaron c meyers\desktop\cs172_lectures and homework\homework\hw-5\hw-5 _ ex05_03\hw-5 _ ex05_03\debug\vc140.pdb
c:\users\aaron c meyers\desktop\cs172_lectures and homework\homework\hw-5\hw-5 _ ex05_03\hw-5 _ ex05_03\debug\vc140.idb
c:\users\aaron c meyers\desktop\cs172_lectures and homework\homework\hw-5\hw-5 _ ex05_03\hw-5 _ ex05_03\debug\hw-5 _ ex05_03.obj
c:\users\aaron c meyers\desktop\cs172_lectures and homework\homework\hw-5\hw-5 _ ex05_03\hw-5 _ ex05_03\debug\vector class functions.obj
c:\users\aaron c meyers\desktop\cs172_lectures and homework\homework\hw-5\hw-5 _ ex05_03\debug\hw-5 _ ex05_03.pdb
c:\users\aaron c meyers\desktop\cs172_lectures and homework\homework\hw-5\hw-5 _ ex05_03\hw-5 _ ex05_03\debug\hw-5 _ ex05_03.tlog\cl.command.1.tlog
c:\users\aaron c meyers\desktop\cs172_lectures and homework\homework\hw-5\hw-5 _ ex05_03\hw-5 _ ex05_03\debug\hw-5 _ ex05_03.tlog\cl.read.1.tlog
c:\users\aaron c meyers\desktop\cs172_lectures and homework\homework\hw-5\hw-5 _ ex05_03\hw-5 _ ex05_03\debug\hw-5 _ ex05_03.tlog\cl.write.1.tlog
c:\users\aaron c meyers\desktop\cs172_lectures and homework\homework\hw-5\hw-5 _ ex05_03\hw-5 _ ex05_03\debug\hw-5 _ ex05_03.tlog\link-cvtres.read.1.tlog
c:\users\aaron c meyers\desktop\cs172_lectures and homework\homework\hw-5\hw-5 _ ex05_03\hw-5 _ ex05_03\debug\hw-5 _ ex05_03.tlog\link-cvtres.write.1.tlog
c:\users\aaron c meyers\desktop\cs172_lectures and homework\homework\hw-5\hw-5 _ ex05_03\hw-5 _ ex05_03\debug\hw-5 _ ex05_03.tlog\link-rc.read.1.tlog
c:\users\aaron c meyers\desktop\cs172_lectures and homework\homework\hw-5\hw-5 _ ex05_03\hw-5 _ ex05_03\debug\hw-5 _ ex05_03.tlog\link-rc.write.1.tlog
c:\users\aaron c meyers\desktop\cs172_lectures and homework\homework\hw-5\hw-5 _ ex05_03\hw-5 _ ex05_03\debug\hw-5 _ ex05_03.tlog\link.21672-cvtres.read.1.tlog
c:\users\aaron c meyers\desktop\cs172_lectures and homework\homework\hw-5\hw-5 _ ex05_03\hw-5 _ ex05_03\debug\hw-5 _ ex05_03.tlog\link.21672-cvtres.write.1.tlog
c:\users\aaron c meyers\desktop\cs172_lectures and homework\homework\hw-5\hw-5 _ ex05_03\hw-5 _ ex05_03\debug\hw-5 _ ex05_03.tlog\link.21672-rc.read.1.tlog
c:\users\aaron c meyers\desktop\cs172_lectures and homework\homework\hw-5\hw-5 _ ex05_03\hw-5 _ ex05_03\debug\hw-5 _ ex05_03.tlog\link.21672-rc.write.1.tlog
c:\users\aaron c meyers\desktop\cs172_lectures and homework\homework\hw-5\hw-5 _ ex05_03\hw-5 _ ex05_03\debug\hw-5 _ ex05_03.tlog\link.21672.read.1.tlog
c:\users\aaron c meyers\desktop\cs172_lectures and homework\homework\hw-5\hw-5 _ ex05_03\hw-5 _ ex05_03\debug\hw-5 _ ex05_03.tlog\link.21672.write.1.tlog
c:\users\aaron c meyers\desktop\cs172_lectures and homework\homework\hw-5\hw-5 _ ex05_03\hw-5 _ ex05_03\debug\hw-5 _ ex05_03.tlog\link.command.1.tlog
c:\users\aaron c meyers\desktop\cs172_lectures and homework\homework\hw-5\hw-5 _ ex05_03\hw-5 _ ex05_03\debug\hw-5 _ ex05_03.tlog\link.read.1.tlog
c:\users\aaron c meyers\desktop\cs172_lectures and homework\homework\hw-5\hw-5 _ ex05_03\hw-5 _ ex05_03\debug\hw-5 _ ex05_03.tlog\link.write.1.tlog
